<?xml version="1.0" encoding="UTF-8"?>
<!-- Generated by org.testng.reporters.JUnitReportReporter -->
<testsuite hostname="DESKTOP-7P41U0U" failures="0" tests="1" name="com.conga.qa.testcases.LoginPageTest" time="44.052" errors="0" timestamp="29 Mar 2021 15:02:26 GMT" skipped="0">
  <testcase classname="com.conga.qa.testcases.LoginPageTest" name="loginTest" time="44.052"/>
</testsuite> <!-- com.conga.qa.testcases.LoginPageTest -->
